{"context":"AppController","level":"info","message":"Getting application data","timestamp":"2025-05-26T23:17:42.961Z"}
{"context":"AppService","level":"info","message":"Retrieving application data","timestamp":"2025-05-26T23:17:42.962Z"}
{"context":"AppController","level":"info","message":"Getting application data","timestamp":"2025-05-26T23:19:16.743Z"}
{"context":"AppService","level":"info","message":"Retrieving application data","timestamp":"2025-05-26T23:19:16.743Z"}
{"context":"AppController","level":"info","message":"Getting application data","timestamp":"2025-05-26T23:19:39.344Z"}
{"context":"AppService","level":"info","message":"Retrieving application data","timestamp":"2025-05-26T23:19:39.344Z"}
{"context":"AppController","level":"info","message":"Getting application data","timestamp":"2025-05-26T23:19:39.855Z"}
{"context":"AppService","level":"info","message":"Retrieving application data","timestamp":"2025-05-26T23:19:39.855Z"}
{"context":"AppController","level":"info","message":"Getting application data","timestamp":"2025-05-26T23:19:40.367Z"}
{"context":"AppService","level":"info","message":"Retrieving application data","timestamp":"2025-05-26T23:19:40.367Z"}
{"context":"AppController","level":"info","message":"Getting application data","timestamp":"2025-05-26T23:19:40.878Z"}
{"context":"AppService","level":"info","message":"Retrieving application data","timestamp":"2025-05-26T23:19:40.878Z"}
{"context":"AppController","level":"info","message":"Creating new user","timestamp":"2025-05-26T23:20:02.402Z","userEmail":"john@example.com"}
{"context":"AppService","level":"info","message":"Creating user in service","timestamp":"2025-05-26T23:20:02.402Z","userEmail":"john@example.com"}
{"context":"AppService","level":"info","message":"User created successfully","timestamp":"2025-05-26T23:20:02.402Z","userId":"2p6ixnwpp"}
{"context":"HTTP","ip":"::1","level":"info","message":"Incoming Request","method":"GET","timestamp":"2025-05-26T23:29:22.916Z","url":"/api/health","userAgent":"curl/8.7.1"}
{"context":"HTTP","level":"info","message":"Request Completed","method":"GET","responseSize":271,"responseTime":"39ms","statusCode":200,"timestamp":"2025-05-26T23:29:22.954Z","url":"/api/health"}
{"context":"HTTP","ip":"::1","level":"info","message":"Incoming Request","method":"GET","timestamp":"2025-05-26T23:29:30.070Z","url":"/api/health/ready","userAgent":"curl/8.7.1"}
{"context":"HTTP","level":"info","message":"Request Completed","method":"GET","responseSize":101,"responseTime":"1ms","statusCode":200,"timestamp":"2025-05-26T23:29:30.071Z","url":"/api/health/ready"}
{"context":"HTTP","ip":"::1","level":"info","message":"Incoming Request","method":"GET","timestamp":"2025-05-26T23:29:37.797Z","url":"/api/health/live","userAgent":"curl/8.7.1"}
{"context":"HTTP","level":"info","message":"Request Completed","method":"GET","responseSize":107,"responseTime":"0ms","statusCode":200,"timestamp":"2025-05-26T23:29:37.797Z","url":"/api/health/live"}
{"context":"HTTP","ip":"::1","level":"info","message":"Incoming Request","method":"GET","timestamp":"2025-05-26T23:29:47.583Z","url":"/api","userAgent":"curl/8.7.1"}
{"context":"AppController","level":"info","message":"Getting application data","timestamp":"2025-05-26T23:29:47.584Z"}
{"context":"AppService","level":"info","message":"Retrieving application data","timestamp":"2025-05-26T23:29:47.584Z"}
{"context":"HTTP","level":"info","message":"Request Completed","method":"GET","responseSize":23,"responseTime":"1ms","statusCode":200,"timestamp":"2025-05-26T23:29:47.585Z","url":"/api"}
{"context":"HTTP","ip":"::1","level":"info","message":"Incoming Request","method":"GET","timestamp":"2025-05-26T23:44:10.941Z","url":"/api","userAgent":"curl/8.7.1"}
{"context":"AppController","level":"info","message":"Getting application data","timestamp":"2025-05-26T23:44:10.942Z"}
{"context":"AppService","level":"info","message":"Retrieving application data","timestamp":"2025-05-26T23:44:10.942Z"}
{"context":"HTTP","level":"info","message":"Request Completed","method":"GET","responseSize":23,"responseTime":"2ms","statusCode":200,"timestamp":"2025-05-26T23:44:10.943Z","url":"/api"}
{"context":"HTTP","ip":"::1","level":"info","message":"Incoming Request","method":"GET","timestamp":"2025-05-26T23:44:51.094Z","url":"/api/health","userAgent":"curl/8.7.1"}
{"context":"HTTP","level":"info","message":"Request Completed","method":"GET","responseSize":271,"responseTime":"36ms","statusCode":200,"timestamp":"2025-05-26T23:44:51.130Z","url":"/api/health"}
{"context":"HTTP","ip":"::1","level":"info","message":"Incoming Request","method":"GET","timestamp":"2025-05-30T02:15:02.736Z","url":"/api/health","userAgent":"curl/8.7.1"}
{"context":"HTTP","level":"info","message":"Request Completed","method":"GET","responseSize":271,"responseTime":"66ms","statusCode":200,"timestamp":"2025-05-30T02:15:02.801Z","url":"/api/health"}
{"context":"HTTP","ip":"::1","level":"info","message":"Incoming Request","method":"GET","timestamp":"2025-05-30T02:15:09.055Z","url":"/api/files","userAgent":"curl/8.7.1"}
{"context":"HTTP","level":"info","message":"Request Completed","method":"GET","responseSize":42,"responseTime":"10ms","statusCode":200,"timestamp":"2025-05-30T02:15:09.065Z","url":"/api/files"}
{"body":{},"context":"HTTP","ip":"::1","level":"info","message":"Incoming Request","method":"POST","timestamp":"2025-05-30T02:25:47.359Z","url":"/api/files/upload","userAgent":"curl/8.7.1"}
{"context":"HTTP","error":"Failed to save file to database","level":"error","message":"Request Failed","method":"POST","responseTime":"18ms","stack":"BadRequestException: Failed to save file to database\n    at FileService.create (/Users/dom/programming/projects/ai-optimized-angular-template/dist/apps/api/webpack:/libs/api/services/src/lib/file.service.ts:37:11)","statusCode":201,"timestamp":"2025-05-30T02:25:47.376Z","url":"/api/files/upload"}
{"body":{},"context":"HTTP","ip":"::1","level":"info","message":"Incoming Request","method":"POST","timestamp":"2025-05-30T02:26:07.376Z","url":"/api/files/upload","userAgent":"curl/8.7.1"}
{"context":"HTTP","level":"info","message":"Request Completed","method":"POST","responseSize":242,"responseTime":"3ms","statusCode":201,"timestamp":"2025-05-30T02:26:07.379Z","url":"/api/files/upload"}
{"context":"HTTP","ip":"::1","level":"info","message":"Incoming Request","method":"GET","timestamp":"2025-05-30T02:26:21.932Z","url":"/api/files","userAgent":"curl/8.7.1"}
{"context":"HTTP","level":"info","message":"Request Completed","method":"GET","responseSize":284,"responseTime":"6ms","statusCode":200,"timestamp":"2025-05-30T02:26:21.938Z","url":"/api/files"}
{"context":"HTTP","ip":"::1","level":"info","message":"Incoming Request","method":"GET","params":{"id":"5d68fb57-96e3-4f5e-a468-ce43b13ecb7f"},"timestamp":"2025-05-30T02:32:12.684Z","url":"/api/files/5d68fb57-96e3-4f5e-a468-ce43b13ecb7f/download","userAgent":"curl/8.7.1"}
{"context":"HTTP","ip":"::1","level":"info","message":"Incoming Request","method":"GET","params":{"id":"5d68fb57-96e3-4f5e-a468-ce43b13ecb7f"},"timestamp":"2025-05-30T02:33:01.216Z","url":"/api/files/5d68fb57-96e3-4f5e-a468-ce43b13ecb7f/preview","userAgent":"curl/8.7.1"}
{"body":{},"context":"HTTP","ip":"::1","level":"info","message":"Incoming Request","method":"DELETE","params":{"id":"5d68fb57-96e3-4f5e-a468-ce43b13ecb7f"},"timestamp":"2025-05-30T02:33:08.519Z","url":"/api/files/5d68fb57-96e3-4f5e-a468-ce43b13ecb7f","userAgent":"curl/8.7.1"}
{"context":"HTTP","level":"info","message":"Request Completed","method":"DELETE","responseSize":39,"responseTime":"3ms","statusCode":200,"timestamp":"2025-05-30T02:33:08.521Z","url":"/api/files/5d68fb57-96e3-4f5e-a468-ce43b13ecb7f"}
{"context":"HTTP","ip":"::1","level":"info","message":"Incoming Request","method":"GET","timestamp":"2025-05-30T02:33:16.348Z","url":"/api/files","userAgent":"curl/8.7.1"}
{"context":"HTTP","level":"info","message":"Request Completed","method":"GET","responseSize":42,"responseTime":"6ms","statusCode":200,"timestamp":"2025-05-30T02:33:16.354Z","url":"/api/files"}
{"body":{},"context":"HTTP","ip":"::1","level":"info","message":"Incoming Request","method":"POST","timestamp":"2025-05-30T02:34:25.436Z","url":"/api/files/upload","userAgent":"curl/8.7.1"}
{"context":"HTTP","level":"info","message":"Request Completed","method":"POST","responseSize":242,"responseTime":"2ms","statusCode":201,"timestamp":"2025-05-30T02:34:25.438Z","url":"/api/files/upload"}
{"context":"HTTP","ip":"::1","level":"info","message":"Incoming Request","method":"GET","query":{"mimetype":"image/"},"timestamp":"2025-05-30T02:34:54.694Z","url":"/api/files?mimetype=image/","userAgent":"curl/8.7.1"}
{"context":"HTTP","level":"info","message":"Request Completed","method":"GET","responseSize":42,"responseTime":"2ms","statusCode":200,"timestamp":"2025-05-30T02:34:54.696Z","url":"/api/files?mimetype=image/"}
{"context":"HTTP","ip":"::1","level":"info","message":"Incoming Request","method":"GET","query":{"mimetype":"image/png"},"timestamp":"2025-05-30T02:35:01.613Z","url":"/api/files?mimetype=image/png","userAgent":"curl/8.7.1"}
{"context":"HTTP","level":"info","message":"Request Completed","method":"GET","responseSize":284,"responseTime":"2ms","statusCode":200,"timestamp":"2025-05-30T02:35:01.615Z","url":"/api/files?mimetype=image/png"}
{"context":"HTTP","ip":"::1","level":"info","message":"Incoming Request","method":"GET","query":{"search":"image"},"timestamp":"2025-05-30T02:35:47.405Z","url":"/api/files?search=image","userAgent":"curl/8.7.1"}
{"context":"HTTP","level":"info","message":"Request Completed","method":"GET","responseSize":284,"responseTime":"3ms","statusCode":200,"timestamp":"2025-05-30T02:35:47.408Z","url":"/api/files?search=image"}
{"context":"HTTP","ip":"::1","level":"info","message":"Incoming Request","method":"GET","params":{"id":"68441d23-5e5a-4bed-b36d-396b1735399f"},"timestamp":"2025-05-30T02:36:34.418Z","url":"/api/files/68441d23-5e5a-4bed-b36d-396b1735399f/preview","userAgent":"curl/8.7.1"}
{"body":{},"context":"HTTP","ip":"::1","level":"info","message":"Incoming Request","method":"POST","timestamp":"2025-05-30T02:37:58.860Z","url":"/api/files/upload","userAgent":"curl/8.7.1"}
{"context":"HTTP","level":"info","message":"Request Completed","method":"POST","responseSize":244,"responseTime":"5ms","statusCode":201,"timestamp":"2025-05-30T02:37:58.865Z","url":"/api/files/upload"}
{"body":{},"context":"HTTP","ip":"::1","level":"info","message":"Incoming Request","method":"POST","timestamp":"2025-05-30T02:37:58.873Z","url":"/api/files/upload","userAgent":"curl/8.7.1"}
{"context":"HTTP","level":"info","message":"Request Completed","method":"POST","responseSize":244,"responseTime":"2ms","statusCode":201,"timestamp":"2025-05-30T02:37:58.875Z","url":"/api/files/upload"}
{"body":{},"context":"HTTP","ip":"::1","level":"info","message":"Incoming Request","method":"POST","timestamp":"2025-05-30T02:37:58.882Z","url":"/api/files/upload","userAgent":"curl/8.7.1"}
{"context":"HTTP","level":"info","message":"Request Completed","method":"POST","responseSize":244,"responseTime":"2ms","statusCode":201,"timestamp":"2025-05-30T02:37:58.884Z","url":"/api/files/upload"}
{"body":{},"context":"HTTP","ip":"::1","level":"info","message":"Incoming Request","method":"POST","timestamp":"2025-05-30T02:37:58.892Z","url":"/api/files/upload","userAgent":"curl/8.7.1"}
{"context":"HTTP","level":"info","message":"Request Completed","method":"POST","responseSize":244,"responseTime":"1ms","statusCode":201,"timestamp":"2025-05-30T02:37:58.893Z","url":"/api/files/upload"}
{"body":{},"context":"HTTP","ip":"::1","level":"info","message":"Incoming Request","method":"POST","timestamp":"2025-05-30T02:37:58.902Z","url":"/api/files/upload","userAgent":"curl/8.7.1"}
{"context":"HTTP","level":"info","message":"Request Completed","method":"POST","responseSize":244,"responseTime":"1ms","statusCode":201,"timestamp":"2025-05-30T02:37:58.903Z","url":"/api/files/upload"}
{"context":"HTTP","ip":"::1","level":"info","message":"Incoming Request","method":"GET","query":{"limit":"3","page":"1"},"timestamp":"2025-05-30T02:38:06.570Z","url":"/api/files?limit=3&page=1","userAgent":"curl/8.7.1"}
{"context":"HTTP","level":"info","message":"Request Completed","method":"GET","responseSize":775,"responseTime":"1ms","statusCode":200,"timestamp":"2025-05-30T02:38:06.571Z","url":"/api/files?limit=3&page=1"}
{"context":"HTTP","ip":"::1","level":"info","message":"Incoming Request","method":"GET","query":{"limit":"3","page":"2"},"timestamp":"2025-05-30T02:38:13.007Z","url":"/api/files?limit=3&page=2","userAgent":"curl/8.7.1"}
{"context":"HTTP","level":"info","message":"Request Completed","method":"GET","responseSize":773,"responseTime":"1ms","statusCode":200,"timestamp":"2025-05-30T02:38:13.008Z","url":"/api/files?limit=3&page=2"}
{"context":"HTTP","ip":"::1","level":"info","message":"Incoming Request","method":"GET","query":{"limit":"10","page":"1"},"timestamp":"2025-05-30T02:59:58.480Z","url":"/api/files?page=1&limit=10","userAgent":"node"}
{"context":"HTTP","level":"info","message":"Request Completed","method":"GET","responseSize":1509,"responseTime":"8ms","statusCode":200,"timestamp":"2025-05-30T02:59:58.487Z","url":"/api/files?page=1&limit=10"}
{"context":"HTTP","ip":"::1","level":"info","message":"Incoming Request","method":"GET","params":{"id":"68441d23-5e5a-4bed-b36d-396b1735399f"},"timestamp":"2025-05-30T02:59:58.511Z","url":"/api/files/68441d23-5e5a-4bed-b36d-396b1735399f/preview","userAgent":"Mozilla/5.0 (Macintosh; Intel Mac OS X 10_15_7) AppleWebKit/537.36 (KHTML, like Gecko) Chrome/136.0.0.0 Safari/537.36 Edg/136.0.0.0"}
{"context":"HTTP","ip":"::1","level":"info","message":"Incoming Request","method":"GET","params":{"id":"68441d23-5e5a-4bed-b36d-396b1735399f"},"timestamp":"2025-05-30T02:59:58.799Z","url":"/api/files/68441d23-5e5a-4bed-b36d-396b1735399f/preview","userAgent":"Mozilla/5.0 (Macintosh; Intel Mac OS X 10_15_7) AppleWebKit/537.36 (KHTML, like Gecko) Chrome/136.0.0.0 Safari/537.36 Edg/136.0.0.0"}
{"body":{},"context":"HTTP","ip":"::1","level":"info","message":"Incoming Request","method":"POST","timestamp":"2025-05-30T03:00:03.516Z","url":"/api/files/upload","userAgent":"Mozilla/5.0 (Macintosh; Intel Mac OS X 10_15_7) AppleWebKit/537.36 (KHTML, like Gecko) Chrome/136.0.0.0 Safari/537.36 Edg/136.0.0.0"}
{"context":"HTTP","level":"info","message":"Request Completed","method":"POST","responseSize":315,"responseTime":"35ms","statusCode":201,"timestamp":"2025-05-30T03:00:03.552Z","url":"/api/files/upload"}
{"context":"HTTP","ip":"::1","level":"info","message":"Incoming Request","method":"GET","params":{"id":"35f257e3-cffa-4903-8df2-6c2a335bdace"},"timestamp":"2025-05-30T03:08:35.443Z","url":"/api/files/35f257e3-cffa-4903-8df2-6c2a335bdace/preview","userAgent":"Mozilla/5.0 (Macintosh; Intel Mac OS X 10_15_7) AppleWebKit/537.36 (KHTML, like Gecko) Chrome/136.0.0.0 Safari/537.36 Edg/136.0.0.0"}
{"context":"HTTP","ip":"::1","level":"info","message":"Incoming Request","method":"GET","params":{"id":"68441d23-5e5a-4bed-b36d-396b1735399f"},"timestamp":"2025-05-30T03:08:49.750Z","url":"/api/files/68441d23-5e5a-4bed-b36d-396b1735399f/preview","userAgent":"Mozilla/5.0 (Macintosh; Intel Mac OS X 10_15_7) AppleWebKit/537.36 (KHTML, like Gecko) Chrome/136.0.0.0 Safari/537.36 Edg/136.0.0.0"}
{"context":"HTTP","ip":"::1","level":"info","message":"Incoming Request","method":"GET","query":{"limit":"10","page":"1"},"timestamp":"2025-05-30T03:09:05.833Z","url":"/api/files?page=1&limit=10","userAgent":"node"}
{"context":"HTTP","level":"info","message":"Request Completed","method":"GET","responseSize":1825,"responseTime":"6ms","statusCode":200,"timestamp":"2025-05-30T03:09:05.840Z","url":"/api/files?page=1&limit=10"}
{"context":"HTTP","ip":"::1","level":"info","message":"Incoming Request","method":"GET","params":{"id":"ad260c68-6524-473c-b8fe-d63655e63d4b"},"timestamp":"2025-05-30T03:09:09.758Z","url":"/api/files/ad260c68-6524-473c-b8fe-d63655e63d4b/preview","userAgent":"Mozilla/5.0 (Macintosh; Intel Mac OS X 10_15_7) AppleWebKit/537.36 (KHTML, like Gecko) Chrome/136.0.0.0 Safari/537.36 Edg/136.0.0.0"}
